<?xml version="1.0" encoding="UTF-8"?>
<testsuite xmlns:xsi="http://www.w3.org/2001/XMLSchema-instance" xsi:noNamespaceSchemaLocation="https://maven.apache.org/surefire/maven-surefire-plugin/xsd/surefire-test-report.xsd" name="epf.AppTest" time="0.05" tests="1" errors="0" skipped="0" failures="0">
  <properties>
    <property name="java.specification.version" value="21"/>
    <property name="sun.cpu.isalist" value="amd64"/>
    <property name="sun.jnu.encoding" value="Cp1252"/>
    <property name="java.class.path" value="C:\Users\eliol\EPF 4A\JAVA\rentmanager\rentmanager\target\test-classes;C:\Users\eliol\EPF 4A\JAVA\rentmanager\rentmanager\target\classes;C:\Users\eliol\.m2\repository\junit\junit\4.13.2\junit-4.13.2.jar;C:\Users\eliol\.m2\repository\org\hamcrest\hamcrest-core\1.3\hamcrest-core-1.3.jar;C:\Users\eliol\.m2\repository\com\h2database\h2\1.4.200\h2-1.4.200.jar;C:\Users\eliol\.m2\repository\javax\servlet\javax.servlet-api\4.0.1\javax.servlet-api-4.0.1.jar;C:\Users\eliol\.m2\repository\javax\annotation\javax.annotation-api\1.3.2\javax.annotation-api-1.3.2.jar;C:\Users\eliol\.m2\repository\javax\servlet\jstl\1.2\jstl-1.2.jar;C:\Users\eliol\.m2\repository\org\springframework\spring-core\6.1.4\spring-core-6.1.4.jar;C:\Users\eliol\.m2\repository\org\springframework\spring-jcl\6.1.4\spring-jcl-6.1.4.jar;C:\Users\eliol\.m2\repository\org\springframework\spring-webmvc\5.3.33\spring-webmvc-5.3.33.jar;C:\Users\eliol\.m2\repository\org\springframework\spring-aop\5.3.33\spring-aop-5.3.33.jar;C:\Users\eliol\.m2\repository\org\springframework\spring-beans\5.3.33\spring-beans-5.3.33.jar;C:\Users\eliol\.m2\repository\org\springframework\spring-expression\5.3.33\spring-expression-5.3.33.jar;C:\Users\eliol\.m2\repository\org\springframework\spring-web\5.3.33\spring-web-5.3.33.jar;C:\Users\eliol\.m2\repository\org\springframework\spring-context\6.1.4\spring-context-6.1.4.jar;C:\Users\eliol\.m2\repository\io\micrometer\micrometer-observation\1.12.3\micrometer-observation-1.12.3.jar;C:\Users\eliol\.m2\repository\io\micrometer\micrometer-commons\1.12.3\micrometer-commons-1.12.3.jar;"/>
    <property name="java.vm.vendor" value="Amazon.com Inc."/>
    <property name="sun.arch.data.model" value="64"/>
    <property name="user.variant" value=""/>
    <property name="java.vendor.url" value="https://aws.amazon.com/corretto/"/>
    <property name="user.timezone" value="Europe/Paris"/>
    <property name="os.name" value="Windows 10"/>
    <property name="java.vm.specification.version" value="21"/>
    <property name="sun.java.launcher" value="SUN_STANDARD"/>
    <property name="user.country" value="FR"/>
    <property name="sun.boot.library.path" value="C:\Users\eliol\.jdks\corretto-21.0.2\bin"/>
    <property name="sun.java.command" value="C:\Users\eliol\AppData\Local\Temp\surefire1951086547803925318\surefirebooter10815680739696710523.jar C:\Users\eliol\AppData\Local\Temp\surefire1951086547803925318 2024-04-03T09-17-52_261-jvmRun1 surefire14338118728457364603tmp surefire_013190077726032184267tmp"/>
    <property name="jdk.debug" value="release"/>
    <property name="surefire.test.class.path" value="C:\Users\eliol\EPF 4A\JAVA\rentmanager\rentmanager\target\test-classes;C:\Users\eliol\EPF 4A\JAVA\rentmanager\rentmanager\target\classes;C:\Users\eliol\.m2\repository\junit\junit\4.13.2\junit-4.13.2.jar;C:\Users\eliol\.m2\repository\org\hamcrest\hamcrest-core\1.3\hamcrest-core-1.3.jar;C:\Users\eliol\.m2\repository\com\h2database\h2\1.4.200\h2-1.4.200.jar;C:\Users\eliol\.m2\repository\javax\servlet\javax.servlet-api\4.0.1\javax.servlet-api-4.0.1.jar;C:\Users\eliol\.m2\repository\javax\annotation\javax.annotation-api\1.3.2\javax.annotation-api-1.3.2.jar;C:\Users\eliol\.m2\repository\javax\servlet\jstl\1.2\jstl-1.2.jar;C:\Users\eliol\.m2\repository\org\springframework\spring-core\6.1.4\spring-core-6.1.4.jar;C:\Users\eliol\.m2\repository\org\springframework\spring-jcl\6.1.4\spring-jcl-6.1.4.jar;C:\Users\eliol\.m2\repository\org\springframework\spring-webmvc\5.3.33\spring-webmvc-5.3.33.jar;C:\Users\eliol\.m2\repository\org\springframework\spring-aop\5.3.33\spring-aop-5.3.33.jar;C:\Users\eliol\.m2\repository\org\springframework\spring-beans\5.3.33\spring-beans-5.3.33.jar;C:\Users\eliol\.m2\repository\org\springframework\spring-expression\5.3.33\spring-expression-5.3.33.jar;C:\Users\eliol\.m2\repository\org\springframework\spring-web\5.3.33\spring-web-5.3.33.jar;C:\Users\eliol\.m2\repository\org\springframework\spring-context\6.1.4\spring-context-6.1.4.jar;C:\Users\eliol\.m2\repository\io\micrometer\micrometer-observation\1.12.3\micrometer-observation-1.12.3.jar;C:\Users\eliol\.m2\repository\io\micrometer\micrometer-commons\1.12.3\micrometer-commons-1.12.3.jar;"/>
    <property name="sun.cpu.endian" value="little"/>
    <property name="user.home" value="C:\Users\eliol"/>
    <property name="user.language" value="fr"/>
    <property name="java.specification.vendor" value="Oracle Corporation"/>
    <property name="java.version.date" value="2024-01-16"/>
    <property name="java.home" value="C:\Users\eliol\.jdks\corretto-21.0.2"/>
    <property name="file.separator" value="\"/>
    <property name="basedir" value="C:\Users\eliol\EPF 4A\JAVA\rentmanager\rentmanager"/>
    <property name="java.vm.compressedOopsMode" value="Zero based"/>
    <property name="line.separator" value="&#10;"/>
    <property name="java.vm.specification.vendor" value="Oracle Corporation"/>
    <property name="java.specification.name" value="Java Platform API Specification"/>
    <property name="surefire.real.class.path" value="C:\Users\eliol\AppData\Local\Temp\surefire1951086547803925318\surefirebooter10815680739696710523.jar"/>
    <property name="user.script" value=""/>
    <property name="sun.management.compiler" value="HotSpot 64-Bit Tiered Compilers"/>
    <property name="java.runtime.version" value="21.0.2+13-LTS"/>
    <property name="user.name" value="eliol"/>
    <property name="stdout.encoding" value="Cp1252"/>
    <property name="path.separator" value=";"/>
    <property name="os.version" value="10.0"/>
    <property name="java.runtime.name" value="OpenJDK Runtime Environment"/>
    <property name="file.encoding" value="UTF-8"/>
    <property name="java.vm.name" value="OpenJDK 64-Bit Server VM"/>
    <property name="java.vendor.version" value="Corretto-21.0.2.13.1"/>
    <property name="localRepository" value="C:\Users\eliol\.m2\repository"/>
    <property name="java.vendor.url.bug" value="https://github.com/corretto/corretto-21/issues/"/>
    <property name="java.io.tmpdir" value="C:\Users\eliol\AppData\Local\Temp\"/>
    <property name="idea.version" value="2023.1.2"/>
    <property name="java.version" value="21.0.2"/>
    <property name="user.dir" value="C:\Users\eliol\EPF 4A\JAVA\rentmanager\rentmanager"/>
    <property name="os.arch" value="amd64"/>
    <property name="java.vm.specification.name" value="Java Virtual Machine Specification"/>
    <property name="sun.os.patch.level" value=""/>
    <property name="native.encoding" value="Cp1252"/>
    <property name="java.library.path" value="C:\Users\eliol\.jdks\corretto-21.0.2\bin;C:\WINDOWS\Sun\Java\bin;C:\WINDOWS\system32;C:\WINDOWS;C:\Program Files\ImageMagick-7.1.0-Q16-HDRI;C:\Program Files (x86)\Common Files\Oracle\Java\javapath;C:\Program Files\Common Files\Oracle\Java\javapath;C:\Windows\system32;C:\Windows;C:\Windows\System32\Wbem;C:\Windows\System32\WindowsPowerShell\v1.0\;C:\Windows\System32\OpenSSH\;C:\Program Files\NVIDIA Corporation\NVIDIA NvDLISR;C:\WINDOWS\system32;C:\WINDOWS;C:\WINDOWS\System32\Wbem;C:\WINDOWS\System32\WindowsPowerShell\v1.0\;C:\WINDOWS\System32\OpenSSH\;C:\Program Files\Le Robert Correcteur\New Folder\wow64\Libs\;C:\Program Files\Le Robert Correcteur\New Folder\Libs\;C:\Program Files (x86)\dotnet\;C:\Program Files\Git\cmd;C:\Program Files\MATLAB\R2022a\bin;C:\Program Files\Graphviz\bin;C:\Program Files\WindowsApps\CanonicalGroupLimited.Ubuntu22.04LTS_2204.1.22.0_x64__79rhkp1fndgsc;C:\Users\eliol\AppData\Local\Microsoft\WindowsApps;C:\Program Files\MiKTeX;C:\Strawberry\c\bin;C:\Strawberry\perl\site\bin;C:\Strawberry\perl\bin;C:\Program Files\gs\gs10.00.0\bin;C:\Program Files\Java\jdk1.8.0_361\bin;C:\Program Files\Java\jdk-19\bin;C:\Program Files\Docker\Docker\resources\bin;C:\Program Files (x86)\NVIDIA Corporation\PhysX\Common;C:\Program Files\Java\jdk-17\bin;C:\Program Files\nodejs\;C:\Users\eliol\AppData\Local\Programs\Python\Python310\Scripts\;C:\Users\eliol\AppData\Local\Programs\Python\Python310\;C:\Users\eliol\AppData\Local\Programs\Microsoft VS Code\bin;C:\Users\eliol\AppData\Local\Programs\Python\Python38-32;C:\Users\eliol\AppData\Local\Programs\oh-my-posh\bin;C:\Program Files\MiKTeX;C:\Users\eliol\AppData\Local\Programs\MiKTeX\miktex\bin\x64\;C:\Program Files\Sublime Text;C:\Program Files\gs\gs10.00.0\bin;C:\Program Files\ImageMagick-7.1.0-Q16-HDRI;C:\Program Files\SumatraPDF;C:\Program Files\MiKTeX\miktex\bin\x64;C:\Program Files\Java\jdk1.8.0_361\bin;C:\Program Files\JetBrains\IntelliJ IDEA Community Edition 2022.3.3\bin;C:\Program Files\JetBrains\IntelliJ IDEA 2023.1.2\bin;C:\Users\eliol\AppData\Local\JetBrains\Toolbox\scripts;C:\Users\eliol\AppData\Roaming\npm;."/>
    <property name="java.vm.info" value="mixed mode, sharing"/>
    <property name="stderr.encoding" value="Cp1252"/>
    <property name="java.vendor" value="Amazon.com Inc."/>
    <property name="java.vm.version" value="21.0.2+13-LTS"/>
    <property name="sun.io.unicode.encoding" value="UnicodeLittle"/>
    <property name="java.class.version" value="65.0"/>
  </properties>
  <testcase name="shouldAnswerWithTrue" classname="epf.AppTest" time="0.005"/>
</testsuite>